[GIN-debug] POST   /otp                      --> ecobook/controller/auth.OtpServer (3 handlers)
[GIN-debug] POST   /otp_check                --> ecobook/controller/auth.OtpCheck (3 handlers)
[GIN-debug] POST   /registration             --> ecobook/controller/auth.Registration (3 handlers)
[GIN-debug] GET    /ws                       --> github.com/gin-gonic/gin.RecoveryWithWriter.func1 (2 handlers)
[GIN-debug] GET    /news_list                --> ecobook/controller/news.NewsList (3 handlers)
[GIN-debug] GET    /image/:image_name        --> ecobook/controller.GetImages (3 handlers)
[GIN-debug] GET    /product_categories       --> ecobook/controller/second.GetCategories (3 handlers)
[GIN-debug] GET    /products/:categoryID     --> ecobook/controller/product.GetProductList (3 handlers)
[GIN-debug] GET    /my_product_list          --> ecobook/controller/my_product_list.MyProductList (3 handlers)
[GIN-debug] POST   /like_product/:product_id --> ecobook/controller/my_product_list.LikeProduct (3 handlers)
[GIN-debug] GET    /favorite_products        --> ecobook/controller/my_product_list.FavoriteProducts (3 handlers)
[GIN-debug] GET    /utilize/categories       --> ecobook/controller/utilize_point.GetCategories (3 handlers)
[GIN-debug] GET    /utilize/categories/:category_id --> ecobook/controller/utilize_point.GetPoints (3 handlers)
[GIN-debug] GET    /utilize/point/:id        --> ecobook/controller/utilize_point.GetPoint (3 handlers)
[GIN-debug] Listening and serving HTTP on :8000
2020/03/14 16:17:38 FavoriteProducts 200 1
2020/03/14 16:35:55 {}
2020/03/14 16:35:55 phone number:   otp code: 9410
2020/03/14 17:01:07 {551111148}
2020/03/14 17:01:07 phone number: 551111148  otp code: 3551
2020/03/14 17:12:12 {988123123}
2020/03/14 17:12:12 phone number: 988123123  otp code: 5821
2020/03/14 17:14:39 {988123123}
2020/03/14 17:14:39 phone number: 988123123  otp code: 51
2020/03/14 17:16:35 query resp: {true 4 0 }
2020/03/14 17:16:40 interrupt
2020/03/14 17:16:40 Exit command received. Exiting ....
